<?xml version="1.0" encoding="UTF-8"?>
<testsuites name="SauceTestSuite" time="662.612" tests="2" failures="0" errors="0">
   <testsuite name="SauceTestSuite" tests="2" failures="0" errors="0" time="662.612" skipped="0" timestamp="11-10-2024T17:20:43" hostname="Anoop_G - 192.168.1.38" id="Test Suites/SauceLab/SauceTestSuite">
      <properties>
[...]
</properties>
      <testcase name="Test Cases/SauceLab/TC2_SauceLab_Variable - DD" time="323.154" classname="Test Cases/SauceLab/TC2_SauceLab_Variable - DD" status="PASSED">
         <system-out><![CDATA[11-10-2024T17:20:44 - [TEST_CASE][PASSED] - Test Cases/SauceLab/TC2_SauceLab_Variable - DD: Test Cases/SauceLab/TC2_SauceLab_Variable - DD

11-10-2024T17:20:45 - [TEST_STEP][PASSED] - openBrowser(""): Browser is opened with url: ''

11-10-2024T17:20:46 - [MESSAGE][INFO] - User set preference: ['os', 'windows']

11-10-2024T17:20:46 - [MESSAGE][INFO] - User set preference: ['browserVersion', '129']

11-10-2024T17:20:46 - [MESSAGE][INFO] - User set preference: ['browserName', 'chrome']

11-10-2024T17:20:46 - [MESSAGE][INFO] - User set preference: ['katalon:option', '{organizationId=1649964, usingTunnel=true}']

11-10-2024T17:20:46 - [MESSAGE][INFO] - Connecting to remote web server 'testcloud.katalon.com/hub' with type 'Selenium'

11-10-2024T17:20:46 - [MESSAGE][INFO] - Action delay is set to 0 milliseconds

11-10-2024T17:21:19 - [MESSAGE][PASSED] - Browser is opened with url: ''

11-10-2024T17:21:19 - [TEST_STEP][PASSED] - navigateToUrl(url): Navigate to 'https://www.saucedemo.com/' successfully

11-10-2024T17:21:21 - [MESSAGE][PASSED] - Navigate to 'https://www.saucedemo.com/' successfully

11-10-2024T17:21:21 - [TEST_STEP][PASSED] - setText(findTestObject("Object Repository/Page_Swag Labs/input_Swag Labs_user-name"), username): Text 'standard_user' is set on object 'Object Repository/Page_Swag Labs/input_Swag Labs_user-name'

11-10-2024T17:22:25 - [MESSAGE][PASSED] - Text 'standard_user' is set on object 'Object Repository/Page_Swag Labs/input_Swag Labs_user-name'

11-10-2024T17:22:25 - [TEST_STEP][PASSED] - setText(findTestObject("Object Repository/Page_Swag Labs/input_Swag Labs_password"), password): Text 'secret_sauce' is set on object 'Object Repository/Page_Swag Labs/input_Swag Labs_password'

11-10-2024T17:23:31 - [MESSAGE][PASSED] - Text 'secret_sauce' is set on object 'Object Repository/Page_Swag Labs/input_Swag Labs_password'

11-10-2024T17:23:31 - [TEST_STEP][PASSED] - click(findTestObject("Object Repository/Page_Swag Labs/input_Swag Labs_login-button")): Object: 'Object Repository/Page_Swag Labs/input_Swag Labs_login-button' is clicked on

11-10-2024T17:24:03 - [MESSAGE][PASSED] - Object: 'Object Repository/Page_Swag Labs/input_Swag Labs_login-button' is clicked on

11-10-2024T17:24:03 - [TEST_STEP][PASSED] - verifyElementText(findTestObject("Object Repository/Page_Swag Labs/div_Sauce Labs Backpack"), "Sauce Labs Backpack"): Actual text and expected text of test object 'Object Repository/Page_Swag Labs/div_Sauce Labs Backpack' are matched.

11-10-2024T17:24:34 - [MESSAGE][PASSED] - Actual text and expected text of test object 'Object Repository/Page_Swag Labs/div_Sauce Labs Backpack' are matched.

11-10-2024T17:24:34 - [TEST_STEP][PASSED] - click(findTestObject("Object Repository/Page_Swag Labs/button_Add to cart")): Object: 'Object Repository/Page_Swag Labs/button_Add to cart' is clicked on

11-10-2024T17:25:05 - [MESSAGE][PASSED] - Object: 'Object Repository/Page_Swag Labs/button_Add to cart' is clicked on

11-10-2024T17:25:05 - [TEST_STEP][PASSED] - click(findTestObject("Object Repository/Page_Swag Labs/a_1")): Object: 'Object Repository/Page_Swag Labs/a_1' is clicked on

11-10-2024T17:25:36 - [MESSAGE][PASSED] - Object: 'Object Repository/Page_Swag Labs/a_1' is clicked on

11-10-2024T17:25:36 - [TEST_STEP][PASSED] - verifyElementPresent(findTestObject("Object Repository/Page_Swag Labs/div_Sauce Labs Backpack"), 0): Object 'Object Repository/Page_Swag Labs/div_Sauce Labs Backpack' is present

11-10-2024T17:25:36 - [MESSAGE][WARNING] - Timeout '0' is invalid. Using default page load timeout: '30'

11-10-2024T17:26:07 - [MESSAGE][PASSED] - Object 'Object Repository/Page_Swag Labs/div_Sauce Labs Backpack' is present]]></system-out>
         <system-err><![CDATA[]]></system-err>
      </testcase>
      <testcase name="Test Cases/SauceLab/TC2_SauceLab_Variable - DD" time="338.482" classname="Test Cases/SauceLab/TC2_SauceLab_Variable - DD" status="PASSED">
         <system-out><![CDATA[11-10-2024T17:26:07 - [TEST_CASE][PASSED] - Test Cases/SauceLab/TC2_SauceLab_Variable - DD: Test Cases/SauceLab/TC2_SauceLab_Variable - DD

11-10-2024T17:26:08 - [TEST_STEP][PASSED] - openBrowser(""): Browser is opened with url: ''

11-10-2024T17:26:08 - [MESSAGE][WARNING] - A browser is already opened. Closing browser and opening a new one

11-10-2024T17:26:09 - [MESSAGE][INFO] - User set preference: ['os', 'windows']

11-10-2024T17:26:09 - [MESSAGE][INFO] - User set preference: ['browserVersion', '129']

11-10-2024T17:26:09 - [MESSAGE][INFO] - User set preference: ['browserName', 'chrome']

11-10-2024T17:26:09 - [MESSAGE][INFO] - User set preference: ['katalon:option', '{organizationId=1649964, usingTunnel=true}']

11-10-2024T17:26:09 - [MESSAGE][INFO] - Connecting to remote web server 'testcloud.katalon.com/hub' with type 'Selenium'

11-10-2024T17:26:09 - [MESSAGE][INFO] - Action delay is set to 0 milliseconds

11-10-2024T17:26:57 - [MESSAGE][PASSED] - Browser is opened with url: ''

11-10-2024T17:26:57 - [TEST_STEP][PASSED] - navigateToUrl(url): Navigate to 'https://www.saucedemo.com/' successfully

11-10-2024T17:27:00 - [MESSAGE][PASSED] - Navigate to 'https://www.saucedemo.com/' successfully

11-10-2024T17:27:00 - [TEST_STEP][PASSED] - setText(findTestObject("Object Repository/Page_Swag Labs/input_Swag Labs_user-name"), username): Text 'performance_glitch_user' is set on object 'Object Repository/Page_Swag Labs/input_Swag Labs_user-name'

11-10-2024T17:28:03 - [MESSAGE][PASSED] - Text 'performance_glitch_user' is set on object 'Object Repository/Page_Swag Labs/input_Swag Labs_user-name'

11-10-2024T17:28:03 - [TEST_STEP][PASSED] - setText(findTestObject("Object Repository/Page_Swag Labs/input_Swag Labs_password"), password): Text 'secret_sauce' is set on object 'Object Repository/Page_Swag Labs/input_Swag Labs_password'

11-10-2024T17:29:06 - [MESSAGE][PASSED] - Text 'secret_sauce' is set on object 'Object Repository/Page_Swag Labs/input_Swag Labs_password'

11-10-2024T17:29:06 - [TEST_STEP][PASSED] - click(findTestObject("Object Repository/Page_Swag Labs/input_Swag Labs_login-button")): Object: 'Object Repository/Page_Swag Labs/input_Swag Labs_login-button' is clicked on

11-10-2024T17:29:42 - [MESSAGE][PASSED] - Object: 'Object Repository/Page_Swag Labs/input_Swag Labs_login-button' is clicked on

11-10-2024T17:29:42 - [TEST_STEP][PASSED] - verifyElementText(findTestObject("Object Repository/Page_Swag Labs/div_Sauce Labs Backpack"), "Sauce Labs Backpack"): Actual text and expected text of test object 'Object Repository/Page_Swag Labs/div_Sauce Labs Backpack' are matched.

11-10-2024T17:30:13 - [MESSAGE][PASSED] - Actual text and expected text of test object 'Object Repository/Page_Swag Labs/div_Sauce Labs Backpack' are matched.

11-10-2024T17:30:13 - [TEST_STEP][PASSED] - click(findTestObject("Object Repository/Page_Swag Labs/button_Add to cart")): Object: 'Object Repository/Page_Swag Labs/button_Add to cart' is clicked on

11-10-2024T17:30:44 - [MESSAGE][PASSED] - Object: 'Object Repository/Page_Swag Labs/button_Add to cart' is clicked on

11-10-2024T17:30:44 - [TEST_STEP][PASSED] - click(findTestObject("Object Repository/Page_Swag Labs/a_1")): Object: 'Object Repository/Page_Swag Labs/a_1' is clicked on

11-10-2024T17:31:15 - [MESSAGE][PASSED] - Object: 'Object Repository/Page_Swag Labs/a_1' is clicked on

11-10-2024T17:31:15 - [TEST_STEP][PASSED] - verifyElementPresent(findTestObject("Object Repository/Page_Swag Labs/div_Sauce Labs Backpack"), 0): Object 'Object Repository/Page_Swag Labs/div_Sauce Labs Backpack' is present

11-10-2024T17:31:15 - [MESSAGE][WARNING] - Timeout '0' is invalid. Using default page load timeout: '30'

11-10-2024T17:31:46 - [MESSAGE][PASSED] - Object 'Object Repository/Page_Swag Labs/div_Sauce Labs Backpack' is present]]></system-out>
         <system-err><![CDATA[]]></system-err>
      </testcase>
      <system-out><![CDATA[11-10-2024T17:20:43 - [TEST_SUITE][PASSED] - SauceTestSuite: Test Cases/SauceLab/TC2_SauceLab_Variable - DD]]></system-out>
      <system-err><![CDATA[]]></system-err>
   </testsuite>
</testsuites>
